------------------------------
Tue Jan 09 2018 5:00:35 PM
GET /
HEADERS=> {
  "host": "localhost:5050",
  "connection": "keep-alive",
  "pragma": "no-cache",
  "cache-control": "no-cache",
  "user-agent": "Mozilla/5.0 (Macintosh; Intel Mac OS X 10_13_2) AppleWebKit/537.36 (KHTML, like Gecko) Chrome/63.0.3239.132 Safari/537.36",
  "upgrade-insecure-requests": "1",
  "accept": "text/html,application/xhtml+xml,application/xml;q=0.9,image/webp,image/apng,*/*;q=0.8",
  "accept-encoding": "gzip, deflate, br",
  "accept-language": "en-US,en;q=0.9",
  "cookie": "logInFailed=true; loginFailed=false,Expires=Thu, 01 Jan 1970 00:00:00 GMT; sessionid=1515496249475"
}
COOKIES=> {
  "logInFailed": "true",
  "loginFailed": "false,Expires",
  "sessionid": "1515496249475"
}
BODY=> {}
------------------------------
Tue Jan 09 2018 5:00:35 PM
GET /css/style.css
HEADERS=> {
  "host": "localhost:5050",
  "connection": "keep-alive",
  "pragma": "no-cache",
  "cache-control": "no-cache",
  "user-agent": "Mozilla/5.0 (Macintosh; Intel Mac OS X 10_13_2) AppleWebKit/537.36 (KHTML, like Gecko) Chrome/63.0.3239.132 Safari/537.36",
  "accept": "text/css,*/*;q=0.1",
  "referer": "http://localhost:5050/",
  "accept-encoding": "gzip, deflate, br",
  "accept-language": "en-US,en;q=0.9",
  "cookie": "logInFailed=true; loginFailed=false,Expires=Thu, 01 Jan 1970 00:00:00 GMT; sessionid=1515496249475"
}
COOKIES=> {
  "logInFailed": "true",
  "loginFailed": "false,Expires",
  "sessionid": "1515496249475"
}
BODY=> {}
------------------------------
Tue Jan 09 2018 5:00:35 PM
GET /js/flowerCatalog.js
HEADERS=> {
  "host": "localhost:5050",
  "connection": "keep-alive",
  "pragma": "no-cache",
  "cache-control": "no-cache",
  "user-agent": "Mozilla/5.0 (Macintosh; Intel Mac OS X 10_13_2) AppleWebKit/537.36 (KHTML, like Gecko) Chrome/63.0.3239.132 Safari/537.36",
  "accept": "*/*",
  "referer": "http://localhost:5050/",
  "accept-encoding": "gzip, deflate, br",
  "accept-language": "en-US,en;q=0.9",
  "cookie": "logInFailed=true; loginFailed=false,Expires=Thu, 01 Jan 1970 00:00:00 GMT; sessionid=1515496249475"
}
COOKIES=> {
  "logInFailed": "true",
  "loginFailed": "false,Expires",
  "sessionid": "1515496249475"
}
BODY=> {}
------------------------------
Tue Jan 09 2018 5:00:35 PM
GET /img/freshorigins.jpg
HEADERS=> {
  "host": "localhost:5050",
  "connection": "keep-alive",
  "pragma": "no-cache",
  "cache-control": "no-cache",
  "user-agent": "Mozilla/5.0 (Macintosh; Intel Mac OS X 10_13_2) AppleWebKit/537.36 (KHTML, like Gecko) Chrome/63.0.3239.132 Safari/537.36",
  "accept": "image/webp,image/apng,image/*,*/*;q=0.8",
  "referer": "http://localhost:5050/",
  "accept-encoding": "gzip, deflate, br",
  "accept-language": "en-US,en;q=0.9",
  "cookie": "logInFailed=true; loginFailed=false,Expires=Thu, 01 Jan 1970 00:00:00 GMT; sessionid=1515496249475"
}
COOKIES=> {
  "logInFailed": "true",
  "loginFailed": "false,Expires",
  "sessionid": "1515496249475"
}
BODY=> {}
------------------------------
Tue Jan 09 2018 5:00:35 PM
GET /img/animated-flower-image-0021.gif
HEADERS=> {
  "host": "localhost:5050",
  "connection": "keep-alive",
  "pragma": "no-cache",
  "cache-control": "no-cache",
  "user-agent": "Mozilla/5.0 (Macintosh; Intel Mac OS X 10_13_2) AppleWebKit/537.36 (KHTML, like Gecko) Chrome/63.0.3239.132 Safari/537.36",
  "accept": "image/webp,image/apng,image/*,*/*;q=0.8",
  "referer": "http://localhost:5050/",
  "accept-encoding": "gzip, deflate, br",
  "accept-language": "en-US,en;q=0.9",
  "cookie": "logInFailed=true; loginFailed=false,Expires=Thu, 01 Jan 1970 00:00:00 GMT; sessionid=1515496249475"
}
COOKIES=> {
  "logInFailed": "true",
  "loginFailed": "false,Expires",
  "sessionid": "1515496249475"
}
BODY=> {}
------------------------------
Tue Jan 09 2018 5:00:35 PM
GET /favicon.ico
HEADERS=> {
  "host": "localhost:5050",
  "connection": "keep-alive",
  "pragma": "no-cache",
  "cache-control": "no-cache",
  "user-agent": "Mozilla/5.0 (Macintosh; Intel Mac OS X 10_13_2) AppleWebKit/537.36 (KHTML, like Gecko) Chrome/63.0.3239.132 Safari/537.36",
  "accept": "image/webp,image/apng,image/*,*/*;q=0.8",
  "referer": "http://localhost:5050/",
  "accept-encoding": "gzip, deflate, br",
  "accept-language": "en-US,en;q=0.9",
  "cookie": "logInFailed=true; loginFailed=false,Expires=Thu, 01 Jan 1970 00:00:00 GMT; sessionid=1515496249475"
}
COOKIES=> {
  "logInFailed": "true",
  "loginFailed": "false,Expires",
  "sessionid": "1515496249475"
}
BODY=> {}
